[LOG] System::create                           : Header version = 2.02.04. Current version = 2.02.04.
[LOG] Manager::init                            : maxchannels = 256 studioflags = 00000006 flags 00000000 extradriverdata 0x0.
[LOG] SystemI::init                            : Initialize version=20204 (121702), maxchannels=256, flags=0x00020000
[LOG] SystemI::setOutputInternal               : Setting output to 'FMOD Core Audio Output'
[LOG] OutputCoreAudio::init                    : Output running 2 channels at 96000Hz sample rate.
[LOG] OutputCoreAudio::init                    : Maximum hardware read size: 1024 samples, Software buffer size: 512 samples, Number of software buffers: 4.
[LOG] SystemI::init                            : Output requires a sample rate of 96000Hz, resampling will occur.
[LOG] Thread::initThread                       : Init FMOD stream thread. Affinity: 0x4000000000000003, Priority: 0xFFFF7FFB, Stack Size: 98304, Semaphore: No, Sleep Time: 10, Looping: Yes.
[LOG] Thread::initThread                       : Init FMOD mixer thread. Affinity: 0x4000000000000001, Priority: 0xFFFF7FFA, Stack Size: 81920, Semaphore: Yes, Sleep Time: 0, Looping: Yes.
[LOG] AsyncManager::init                       : manager 0x7f8ab4823c08 isAsync 0 updatePeriod 0.02
[LOG] AsyncManager::init                       : done
[LOG] PlaybackSystem::init                     : 
[LOG] Thread::initThread                       : Init FMOD Studio sample load thread. Affinity: 0x4000000000000003, Priority: 0xFFFF7FFD, Stack Size: 98304, Semaphore: No, Sleep Time: 1, Looping: No.
[LOG] PlaybackSystem::init                     : done
[LOG] Thread::initThread                       : Init FMOD Studio bank load thread. Affinity: 0x4000000000000003, Priority: 0xFFFF7FFD, Stack Size: 98304, Semaphore: No, Sleep Time: 1, Looping: No.
[LOG] Manager::init                            : done.
[LOG] Manager::readBank                        : fileversion = 100, compatVersion = 99 (oldest = 44, newest = 141)
[LOG] Manager::readBank                        : fileversion = 100, compatVersion = 99 (oldest = 44, newest = 141)
[LOG] PlaybackSystem::acquireMasterBus         : Setting master channel group format to 6
[LOG] SystemI::createSound                     : filename = Assets/FMOD/Fmod/Heaven_Hell_Music/Build/Desktop/Master Bank.bank : mode 02010082
[LOG] SystemI::createSound                     : FMOD_NONBLOCKING specified.  Putting into queue to be opened asynchronously!
[LOG] Thread::initThread                       : Init FMOD nonblocking thread (0). Affinity: 0x4000000000000003, Priority: 0xFFFF7FFC, Stack Size: 114688, Semaphore: Yes, Sleep Time: 0, Looping: Yes.
[LOG] SystemI::createSound                     : setdata soundi = 0x7f8ab5823508 : node = 0x7f8ab5848c30
[LOG] SystemI::createSound                     : add node to async list : head = 0x7f8b226e94e8.  list count = 0
[LOG] AsyncThread::threadFunc                  : Starting Asynchronous operation on sound 0x7f8ab5823508
[LOG] SystemI::createSoundInternal             :     Create name='Assets/FMOD/Fmod/Heaven_Hell_Music/Build/Desktop/Master Bank.bank', mode=0x02010082
[LOG] SystemI::createSoundInternal             :     exinfo->cbsize             = 224
[LOG] SystemI::createSoundInternal             :     exinfo->length             = 3904864
[LOG] SystemI::createSoundInternal             :     exinfo->fileoffset         = 18784
[LOG] SystemI::createSoundInternal             :     exinfo->numsubsounds       = 1
[LOG] SystemI::createSoundInternal             :     exinfo->inclusionlist      = 0x7f8ab5848d40
[LOG] SystemI::createSoundInternal             :     exinfo->inclusionlistnum   = 1
[LOG] SystemI::createSoundInternal             :     exinfo->suggestedsoundtype = 5
[LOG] SystemI::createSoundInternal             :     exinfo->initialseekpostype = 1
[LOG] SystemI::createSoundInternal             :     Stream 0/1: name='title_mix_01', format=5, channels=2, frequency=48000, lengthbytes=758944, lengthpcm=2880000, pcmblocksize=0, loopstart=0, loopend=0, mode=0x00000000, channelmask=0x00000000, channelorder=0, peakvolume=0.346976.
[LOG] Thread::initThread                       :     Init FMOD file thread. Affinity: 0x4000000000000003, Priority: 0xFFFF7FFC, Stack Size: 65536, Semaphore: No, Sleep Time: 10, Looping: Yes.
[LOG] AsyncThread::threadFunc                  : Finished Asynchronous operation on sound 0x7f8ab5823508
[LOG] AsyncThread::threadFunc                  : Starting Asynchronous operation on sound 0x7f8b249ecf58
[LOG] AsyncThread::threadFunc                  : Finished Asynchronous operation on sound 0x7f8b249ecf58
[LOG] SystemI::createSound                     : filename = Assets/FMOD/Fmod/Heaven_Hell_Music/Build/Desktop/Master Bank.bank : mode 02010082
[LOG] SystemI::createSound                     : FMOD_NONBLOCKING specified.  Putting into queue to be opened asynchronously!
[LOG] SystemI::createSound                     : setdata soundi = 0x7f8a728968c8 : node = 0x7f8a72869510
[LOG] SystemI::createSound                     : add node to async list : head = 0x7f8b226e94e8.  list count = 0
[LOG] AsyncThread::threadFunc                  : Starting Asynchronous operation on sound 0x7f8a728968c8
[LOG] SystemI::createSoundInternal             :     Create name='Assets/FMOD/Fmod/Heaven_Hell_Music/Build/Desktop/Master Bank.bank', mode=0x02010082
[LOG] SystemI::createSoundInternal             :     exinfo->cbsize             = 224
[LOG] SystemI::createSoundInternal             :     exinfo->length             = 3904864
[LOG] SystemI::createSoundInternal             :     exinfo->fileoffset         = 18784
[LOG] SystemI::createSoundInternal             :     exinfo->numsubsounds       = 1
[LOG] SystemI::createSoundInternal             :     exinfo->inclusionlist      = 0x7f8a72869620
[LOG] SystemI::createSoundInternal             :     exinfo->inclusionlistnum   = 1
[LOG] SystemI::createSoundInternal             :     exinfo->suggestedsoundtype = 5
[LOG] SystemI::createSoundInternal             :     exinfo->initialseekposition = 3428
[LOG] SystemI::createSoundInternal             :     exinfo->initialseekpostype = 1
[LOG] SystemI::createSoundInternal             :     Stream 0/1: name='heaven_transition_choir_o', format=5, channels=2, frequency=48000, lengthbytes=133088, lengthpcm=519429, pcmblocksize=0, loopstart=0, loopend=0, mode=0x00000000, channelmask=0x00000000, channelorder=0, peakvolume=0.171507.
[LOG] AsyncThread::threadFunc                  : Finished Asynchronous operation on sound 0x7f8a728968c8
[LOG] SoundI::release                          : title_mix_01 (0x7f8ab5823508)
[LOG] SoundI::release                          :     title_mix_01 (0x7f8b24970328)
[LOG] SoundI::release                          :     title_mix_01 (0x7f8b249ecf58)
[LOG] AsyncThread::threadFunc                  : Starting Asynchronous operation on sound 0x7f8a6246abc8
[LOG] AsyncThread::threadFunc                  : Finished Asynchronous operation on sound 0x7f8a6246abc8
[LOG] SystemI::createSound                     : filename = Assets/FMOD/Fmod/Heaven_Hell_Music/Build/Desktop/Master Bank.bank : mode 02010082
[LOG] SystemI::createSound                     : FMOD_NONBLOCKING specified.  Putting into queue to be opened asynchronously!
[LOG] SystemI::createSound                     : setdata soundi = 0x7f8a624945c8 : node = 0x7f8ab3f67b60
[LOG] SystemI::createSound                     : add node to async list : head = 0x7f8b226e94e8.  list count = 0
[LOG] AsyncThread::threadFunc                  : Starting Asynchronous operation on sound 0x7f8a624945c8
[LOG] SystemI::createSoundInternal             :     Create name='Assets/FMOD/Fmod/Heaven_Hell_Music/Build/Desktop/Master Bank.bank', mode=0x02010082
[LOG] SystemI::createSoundInternal             :     exinfo->cbsize             = 224
[LOG] SystemI::createSoundInternal             :     exinfo->length             = 3904864
[LOG] SystemI::createSoundInternal             :     exinfo->fileoffset         = 18784
[LOG] SystemI::createSoundInternal             :     exinfo->numsubsounds       = 1
[LOG] SystemI::createSoundInternal             :     exinfo->inclusionlist      = 0x7f8ab3f67c70
[LOG] SystemI::createSoundInternal             :     exinfo->inclusionlistnum   = 1
[LOG] SystemI::createSoundInternal             :     exinfo->suggestedsoundtype = 5
[LOG] SystemI::createSoundInternal             :     exinfo->initialseekpostype = 1
[LOG] SystemI::createSoundInternal             :     Stream 0/1: name='heaven_mix_01', format=5, channels=2, frequency=48000, lengthbytes=1221824, lengthpcm=4304571, pcmblocksize=0, loopstart=0, loopend=0, mode=0x00000000, channelmask=0x00000000, channelorder=0, peakvolume=0.915732.
[LOG] AsyncThread::threadFunc                  : Finished Asynchronous operation on sound 0x7f8a624945c8
[LOG] AsyncThread::threadFunc                  : Starting Asynchronous operation on sound 0x7f8ab5961348
[LOG] AsyncThread::threadFunc                  : Finished Asynchronous operation on sound 0x7f8ab5961348
[LOG] SoundI::release                          : heaven_transition_choir_o (0x7f8a728968c8)
[LOG] SoundI::release                          :     heaven_transition_choir_o (0x7f8a72ab5168)
[LOG] SoundI::release                          :     heaven_transition_choir_o (0x7f8a6246abc8)
[LOG] SystemI::createSound                     : filename = Assets/FMOD/Fmod/Heaven_Hell_Music/Build/Desktop/Master Bank.bank : mode 02010082
[LOG] SystemI::createSound                     : FMOD_NONBLOCKING specified.  Putting into queue to be opened asynchronously!
[LOG] SystemI::createSound                     : setdata soundi = 0x7f8a728efad8 : node = 0x7f8a728884b0
[LOG] SystemI::createSound                     : add node to async list : head = 0x7f8b226e94e8.  list count = 0
[LOG] AsyncThread::threadFunc                  : Starting Asynchronous operation on sound 0x7f8a728efad8
[LOG] SystemI::createSoundInternal             :     Create name='Assets/FMOD/Fmod/Heaven_Hell_Music/Build/Desktop/Master Bank.bank', mode=0x02010082
[LOG] SystemI::createSoundInternal             :     exinfo->cbsize             = 224
[LOG] SystemI::createSoundInternal             :     exinfo->length             = 3904864
[LOG] SystemI::createSoundInternal             :     exinfo->fileoffset         = 18784
[LOG] SystemI::createSoundInternal             :     exinfo->numsubsounds       = 1
[LOG] SystemI::createSoundInternal             :     exinfo->inclusionlist      = 0x7f8a728885c0
[LOG] SystemI::createSoundInternal             :     exinfo->inclusionlistnum   = 1
[LOG] SystemI::createSoundInternal             :     exinfo->suggestedsoundtype = 5
[LOG] SystemI::createSoundInternal             :     exinfo->initialseekpostype = 1
[LOG] SystemI::createSoundInternal             :     Stream 0/1: name='title_mix_01', format=5, channels=2, frequency=48000, lengthbytes=758944, lengthpcm=2880000, pcmblocksize=0, loopstart=0, loopend=0, mode=0x00000000, channelmask=0x00000000, channelorder=0, peakvolume=0.346976.
[LOG] AsyncThread::threadFunc                  : Finished Asynchronous operation on sound 0x7f8a728efad8
[LOG] AsyncThread::threadFunc                  : Starting Asynchronous operation on sound 0x7f8a62451ee8
[LOG] AsyncThread::threadFunc                  : Finished Asynchronous operation on sound 0x7f8a62451ee8
[LOG] SoundI::release                          : heaven_mix_01 (0x7f8a624945c8)
[LOG] SoundI::release                          :     heaven_mix_01 (0x7f8ab59f1f18)
[LOG] SoundI::release                          :     heaven_mix_01 (0x7f8ab5961348)
[LOG] SystemI::createSound                     : filename = Assets/FMOD/Fmod/Heaven_Hell_Music/Build/Desktop/Master Bank.bank : mode 02010082
[LOG] SystemI::createSound                     : FMOD_NONBLOCKING specified.  Putting into queue to be opened asynchronously!
[LOG] SystemI::createSound                     : setdata soundi = 0x7f8a624945c8 : node = 0x7f8aa37e5de0
[LOG] SystemI::createSound                     : add node to async list : head = 0x7f8b226e94e8.  list count = 0
[LOG] AsyncThread::threadFunc                  : Starting Asynchronous operation on sound 0x7f8a624945c8
[LOG] SystemI::createSoundInternal             :     Create name='Assets/FMOD/Fmod/Heaven_Hell_Music/Build/Desktop/Master Bank.bank', mode=0x02010082
[LOG] SystemI::createSoundInternal             :     exinfo->cbsize             = 224
[LOG] SystemI::createSoundInternal             :     exinfo->length             = 3904864
[LOG] SystemI::createSoundInternal             :     exinfo->fileoffset         = 18784
[LOG] SystemI::createSoundInternal             :     exinfo->numsubsounds       = 1
[LOG] SystemI::createSoundInternal             :     exinfo->inclusionlist      = 0x7f8aa37e5ef0
[LOG] SystemI::createSoundInternal             :     exinfo->inclusionlistnum   = 1
[LOG] SystemI::createSoundInternal             :     exinfo->suggestedsoundtype = 5
[LOG] SystemI::createSoundInternal             :     exinfo->initialseekposition = 3428
[LOG] SystemI::createSoundInternal             :     exinfo->initialseekpostype = 1
[LOG] SystemI::createSoundInternal             :     Stream 0/1: name='heaven_transition_choir_o', format=5, channels=2, frequency=48000, lengthbytes=133088, lengthpcm=519429, pcmblocksize=0, loopstart=0, loopend=0, mode=0x00000000, channelmask=0x00000000, channelorder=0, peakvolume=0.171507.
[LOG] AsyncThread::threadFunc                  : Finished Asynchronous operation on sound 0x7f8a624945c8
[LOG] SoundI::release                          : title_mix_01 (0x7f8a728efad8)
[LOG] SoundI::release                          :     title_mix_01 (0x7f8a72a73598)
[LOG] SoundI::release                          :     title_mix_01 (0x7f8a62451ee8)
[LOG] SystemI::createSound                     : filename = Assets/FMOD/Fmod/Heaven_Hell_Music/Build/Desktop/Master Bank.bank : mode 02010082
[LOG] SystemI::createSound                     : FMOD_NONBLOCKING specified.  Putting into queue to be opened asynchronously!
[LOG] SystemI::createSound                     : setdata soundi = 0x7f8a62451ee8 : node = 0x7f8aa3e5f1a0
[LOG] SystemI::createSound                     : add node to async list : head = 0x7f8b226e94e8.  list count = 0
[LOG] AsyncThread::threadFunc                  : Starting Asynchronous operation on sound 0x7f8a62451ee8
[LOG] SystemI::createSoundInternal             :     Create name='Assets/FMOD/Fmod/Heaven_Hell_Music/Build/Desktop/Master Bank.bank', mode=0x02010082
[LOG] SystemI::createSoundInternal             :     exinfo->cbsize             = 224
[LOG] SystemI::createSoundInternal             :     exinfo->length             = 3904864
[LOG] SystemI::createSoundInternal             :     exinfo->fileoffset         = 18784
[LOG] SystemI::createSoundInternal             :     exinfo->numsubsounds       = 1
[LOG] SystemI::createSoundInternal             :     exinfo->inclusionlist      = 0x7f8aa3e5f2b0
[LOG] SystemI::createSoundInternal             :     exinfo->inclusionlistnum   = 1
[LOG] SystemI::createSoundInternal             :     exinfo->suggestedsoundtype = 5
[LOG] SystemI::createSoundInternal             :     exinfo->initialseekpostype = 1
[LOG] SystemI::createSoundInternal             :     Stream 0/1: name='heaven_mix_01', format=5, channels=2, frequency=48000, lengthbytes=1221824, lengthpcm=4304571, pcmblocksize=0, loopstart=0, loopend=0, mode=0x00000000, channelmask=0x00000000, channelorder=0, peakvolume=0.915732.
[LOG] AsyncThread::threadFunc                  : Finished Asynchronous operation on sound 0x7f8a62451ee8
[LOG] AsyncThread::threadFunc                  : Starting Asynchronous operation on sound 0x7f8ab58487b8
[LOG] AsyncThread::threadFunc                  : Finished Asynchronous operation on sound 0x7f8ab58487b8
[LOG] SoundI::release                          : heaven_transition_choir_o (0x7f8a624945c8)
[LOG] SoundI::release                          :     heaven_transition_choir_o (0x7f8ab59f1f18)
[LOG] SoundI::release                          :     heaven_transition_choir_o (0x7f8ab5961348)
[LOG] SoundI::release                          : heaven_mix_01 (0x7f8a62451ee8)
[LOG] SoundI::release                          :     heaven_mix_01 (0x7f8ab58291b8)
[LOG] SoundI::release                          :     heaven_mix_01 (0x7f8ab58487b8)
